<!DOCTYPE html>
<html>
<head>
    <title>My first report</title>
    <meta charset="utf-8">
    <meta name="viewport" content="width=device-width, initial-scale=1.0">
    <link rel="stylesheet" href="https://maxcdn.bootstrapcdn.com/bootstrap/3.3.6/css/bootstrap.min.css" integrity="sha384-1q8mTJOASx8j1Au+a5WDVnPi2lkFfwwEAa8hDDdjZlpLegxhjVME1fgjWPGmkzs7" crossorigin="anonymous">
</head>
<body>
    <div class="container">
        <div class="row">
            <div class="col-xs-12">
                <h2 class="text-capitalize">My first report</h2>
                <p class='attribute'><strong>Start Time: </strong>2022-11-08 21:16:38</p>
                <p class='attribute'><strong>Duration: </strong>99.51 s</p>
                <p class='attribute'><strong>Summary: </strong>Total: 7, Pass: 6, Error: 1</p>
            </div>
        </div>
        <div class="row">
            <div class="col-xs-12 col-sm-10 col-md-10">
                <table class='table table-hover table-responsive'>
                    <thead>
                        <tr>
                            <th>roxana_ursache.tema_9.HerokuappLoginTestCase</th>
                            <th>Status</th>
                            <th></th>
                        </tr>
                    </thead>
                    <tbody>
                        <tr class='success'>
                            <td class="col-xs-10">test_1</td>
                            <td class="col-xs-1">
                                <span class="label label-success" style="display:block;width:40px;">Pass</span>
                            </td>
                            <td class="col-xs-1">
                            </td>
                        </tr>
                        <tr class='warning'>
                            <td class="col-xs-10">test_10</td>
                            <td class="col-xs-1">
                                <span class="label label-warning" style="display:block;width:40px;">Error</span>
                            </td>
                            <td class="col-xs-1">
                                <button class="btn btn-default btn-xs">View</button>
                            </td>
                        </tr>
                        <tr style="display:none;">
                            <td class="col-xs-9" colspan="3"><p style="color:maroon;">InvalidSelectorException: Message: invalid selector: Unable to locate an element with the xpath expression //button[@type=submit'] because of the following error:
SyntaxError: Failed to execute 'evaluate' on 'Document': The string '//button[@type=submit']' is not a valid XPath expression.
  (Session info: chrome=106.0.5249.120)
Stacktrace:
Backtrace:
	Ordinal0 [0x008B1ED3+2236115]
	Ordinal0 [0x008492F1+1807089]
	Ordinal0 [0x007566FD+812797]
	Ordinal0 [0x007592B4+823988]
	Ordinal0 [0x00759165+823653]
	Ordinal0 [0x00759400+824320]
	Ordinal0 [0x00785352+1004370]
	Ordinal0 [0x007857CB+1005515]
	Ordinal0 [0x007B7632+1209906]
	Ordinal0 [0x007A1AD4+1120980]
	Ordinal0 [0x007B59E2+1202658]
	Ordinal0 [0x007A18A6+1120422]
	Ordinal0 [0x0077A73D+960317]
	Ordinal0 [0x0077B71F+964383]
	GetHandleVerifier [0x00B5E7E2+2743074]
	GetHandleVerifier [0x00B508D4+2685972]
	GetHandleVerifier [0x00942BAA+532202]
	GetHandleVerifier [0x00941990+527568]
	Ordinal0 [0x0085080C+1837068]
	Ordinal0 [0x00854CD8+1854680]
	Ordinal0 [0x00854DC5+1854917]
	Ordinal0 [0x0085ED64+1895780]
	BaseThreadInitThunk [0x770EFA29+25]
	RtlGetAppContainerNamedObjectPath [0x774C7BBE+286]
	RtlGetAppContainerNamedObjectPath [0x774C7B8E+238]
</p><p style="color:maroon;">Traceback (most recent call last):
  File "C:\Users\roxan\PycharmProjects\ITS-TA20\roxana_ursache\tema_9.py", line 119, in test_10
    login_valid = self.chrome.find_element(By.XPATH, "//button[@type=submit']")
  File "C:\Users\roxan\AppData\Local\Programs\Python\Python310\lib\site-packages\selenium\webdriver\remote\webdriver.py", line 856, in find_element
    return self.execute(Command.FIND_ELEMENT, {
  File "C:\Users\roxan\AppData\Local\Programs\Python\Python310\lib\site-packages\selenium\webdriver\remote\webdriver.py", line 429, in execute
    self.error_handler.check_response(response)
  File "C:\Users\roxan\AppData\Local\Programs\Python\Python310\lib\site-packages\selenium\webdriver\remote\errorhandler.py", line 243, in check_response
    raise exception_class(message, screen, stacktrace)
selenium.common.exceptions.InvalidSelectorException: Message: invalid selector: Unable to locate an element with the xpath expression //button[@type=submit'] because of the following error:
SyntaxError: Failed to execute 'evaluate' on 'Document': The string '//button[@type=submit']' is not a valid XPath expression.
  (Session info: chrome=106.0.5249.120)
Stacktrace:
Backtrace:
	Ordinal0 [0x008B1ED3+2236115]
	Ordinal0 [0x008492F1+1807089]
	Ordinal0 [0x007566FD+812797]
	Ordinal0 [0x007592B4+823988]
	Ordinal0 [0x00759165+823653]
	Ordinal0 [0x00759400+824320]
	Ordinal0 [0x00785352+1004370]
	Ordinal0 [0x007857CB+1005515]
	Ordinal0 [0x007B7632+1209906]
	Ordinal0 [0x007A1AD4+1120980]
	Ordinal0 [0x007B59E2+1202658]
	Ordinal0 [0x007A18A6+1120422]
	Ordinal0 [0x0077A73D+960317]
	Ordinal0 [0x0077B71F+964383]
	GetHandleVerifier [0x00B5E7E2+2743074]
	GetHandleVerifier [0x00B508D4+2685972]
	GetHandleVerifier [0x00942BAA+532202]
	GetHandleVerifier [0x00941990+527568]
	Ordinal0 [0x0085080C+1837068]
	Ordinal0 [0x00854CD8+1854680]
	Ordinal0 [0x00854DC5+1854917]
	Ordinal0 [0x0085ED64+1895780]
	BaseThreadInitThunk [0x770EFA29+25]
	RtlGetAppContainerNamedObjectPath [0x774C7BBE+286]
	RtlGetAppContainerNamedObjectPath [0x774C7B8E+238]

</p>
                            </td>
                        </tr>
                        <tr class='success'>
                            <td class="col-xs-10">test_2</td>
                            <td class="col-xs-1">
                                <span class="label label-success" style="display:block;width:40px;">Pass</span>
                            </td>
                            <td class="col-xs-1">
                            </td>
                        </tr>
                        <tr class='success'>
                            <td class="col-xs-10">test_3</td>
                            <td class="col-xs-1">
                                <span class="label label-success" style="display:block;width:40px;">Pass</span>
                            </td>
                            <td class="col-xs-1">
                            </td>
                        </tr>
                        <tr class='success'>
                            <td class="col-xs-10">test_4</td>
                            <td class="col-xs-1">
                                <span class="label label-success" style="display:block;width:40px;">Pass</span>
                            </td>
                            <td class="col-xs-1">
                            </td>
                        </tr>
                        <tr class='success'>
                            <td class="col-xs-10">test_5</td>
                            <td class="col-xs-1">
                                <span class="label label-success" style="display:block;width:40px;">Pass</span>
                            </td>
                            <td class="col-xs-1">
                            </td>
                        </tr>
                        <tr class='success'>
                            <td class="col-xs-10">test_6</td>
                            <td class="col-xs-1">
                                <span class="label label-success" style="display:block;width:40px;">Pass</span>
                            </td>
                            <td class="col-xs-1">
                            </td>
                        </tr>
                        <tr>
                            <td colspan="3">
                                Total: 7, Pass: 6, Error: 1 -- Duration: 99.51 s
                            </td>
                        </tr>
                    </tbody>
                </table>
            </div>
        </div>
    </div>
    <script src="https://ajax.googleapis.com/ajax/libs/jquery/2.2.4/jquery.min.js"></script>
    <script type="text/javascript">
        $(document).ready(function(){
            $('td').on('click', '.btn', function(e){
                e.preventDefault();
                e.stopImmediatePropagation();
                var $this = $(this);
                var $nextRow = $this.closest('tr').next('tr');
                $nextRow.slideToggle("fast");
                $this.text(function(i, text){
                    if (text === 'View') {
                        return 'Hide';
                    } else {
                        return 'View';
                    };
                });
            });
        });
    </script>
</body>
</html